C51 COMPILER V9.60.7.0   TIMER0                                                            04/18/2025 20:34:17 PAGE 1   


C51 COMPILER V9.60.7.0, COMPILATION OF MODULE TIMER0
OBJECT MODULE PLACED IN .\Objects\Timer0.obj
COMPILER INVOKED BY: E:\keil c51\C51\BIN\C51.EXE Timer0.c OPTIMIZE(8,SPEED) BROWSE DEBUG OBJECTEXTEND PRINT(.\Listings\T
                    -imer0.lst) TABS(2) OBJECT(.\Objects\Timer0.obj)

line level    source

   1          #include <at89c51RC2.h>
   2          
   3          
   4          void Timer0_Init(void)    //100us
   5          {
   6   1        AUXR &= 0xF7;     
   7   1        TMOD &= 0xF0;     //设置定时器模式
   8   1        TMOD |= 0x10;   //设置定时器模式
   9   1        TL0 = 0xA4;       //设置定时初始值
  10   1        TH0 = 0xFF;       //设置定时初始值
  11   1        TF0 = 0;        //清除TF0标志
  12   1        TR0 = 1;        //定时器0开始计时
  13   1            
  14   1      }


MODULE INFORMATION:   STATIC OVERLAYABLE
   CODE SIZE        =     20    ----
   CONSTANT SIZE    =   ----    ----
   XDATA SIZE       =   ----    ----
   PDATA SIZE       =   ----    ----
   DATA SIZE        =   ----    ----
   IDATA SIZE       =   ----    ----
   BIT SIZE         =   ----    ----
END OF MODULE INFORMATION.


C51 COMPILATION COMPLETE.  0 WARNING(S),  0 ERROR(S)
